<?xml version="1.0" encoding="UTF-8"?>
<!-- Generated by org.testng.reporters.JUnitReportReporter -->
<testsuite hostname="ITEM-S109235" failures="0" tests="6" name="org.TestRunner.Run" time="53.060" errors="0" timestamp="2025-03-31T17:50:43 IST" skipped="0">
  <testcase classname="org.TestRunner.Run" name="runScenario" time="8.085"/>
  <testcase classname="org.TestRunner.Run" name="runScenario" time="8.816"/>
  <testcase classname="org.TestRunner.Run" name="runScenario" time="11.104"/>
  <testcase classname="org.TestRunner.Run" name="runScenario" time="12.604"/>
  <testcase classname="org.TestRunner.Run" name="runScenario" time="5.744"/>
  <testcase classname="org.TestRunner.Run" name="runScenario" time="6.707"/>
</testsuite> <!-- org.TestRunner.Run -->
